<?xml version="1.0" encoding="UTF-8"?>
<!-- Generated by org.testng.reporters.JUnitReportReporter -->
<testsuite skipped="0" hostname="DELLVOSTRO" name="tests.WrongPassword" tests="1" failures="0" timestamp="17 Oct 2020 19:29:50 GMT" time="67.746" errors="0">
  <testcase name="loginWithWrongPwd" time="67.746" classname="tests.WrongPassword"/>
</testsuite> <!-- tests.WrongPassword -->
