<?xml version="1.0" encoding="UTF-8"?>
<!-- Generated by org.testng.reporters.JUnitReportReporter -->
<testsuite skipped="0" hostname="DELLVOSTRO" name="tests.LoginSuccess" tests="2" failures="0" timestamp="17 Oct 2020 19:47:13 GMT" time="204.872" errors="0">
  <testcase name="loginSuccess" time="116.239" classname="tests.LoginSuccess"/>
  <testcase name="loginWithWrongPwd" time="88.633" classname="tests.LoginSuccess"/>
</testsuite> <!-- tests.LoginSuccess -->
