<?xml version="1.0" encoding="UTF-8"?>
<!-- Generated by org.testng.reporters.JUnitReportReporter -->
<testsuite skipped="0" hostname="DELLVOSTRO" name="tests.LaunchSurveyAdminTest" tests="1" failures="0" timestamp="08 Dec 2020 13:33:43 GMT" time="26.074" errors="0">
  <testcase name="createSurvey" time="26.074" classname="tests.LaunchSurveyAdminTest"/>
</testsuite> <!-- tests.LaunchSurveyAdminTest -->
