<?xml version="1.0" encoding="UTF-8"?>
<!-- Generated by org.testng.reporters.JUnitReportReporter -->
<testsuite skipped="0" hostname="DELLVOSTRO" name="tests.LaunchSurveyAdminTest" tests="1" failures="0" timestamp="08 Dec 2020 13:46:35 GMT" time="31.194" errors="0">
  <testcase name="createSurvey" time="31.194" classname="tests.LaunchSurveyAdminTest"/>
</testsuite> <!-- tests.LaunchSurveyAdminTest -->
